2025-09-25 01:16:50 | INFO | Message received from author: Eve
2025-09-25 01:16:50 | INFO | Updated author counts: {'Bob': 4, 'Eve': 8, 'Charlie': 6, 'Diana': 4, 'Alice': 2}
2025-09-25 01:16:50 | INFO | Chart updated successfully for message: {"message": "This is a buzz message.", "author": "Eve"}
2025-09-25 01:16:50 | INFO | Processed JSON message: {'message': 'Data engineering is my passion.', 'author': 'Diana'}
2025-09-25 01:16:50 | INFO | Message received from author: Diana
2025-09-25 01:16:50 | INFO | Updated author counts: {'Bob': 4, 'Eve': 8, 'Charlie': 6, 'Diana': 5, 'Alice': 2}
2025-09-25 01:16:50 | INFO | Chart updated successfully for message: {"message": "Data engineering is my passion.", "author": "Diana"}
2025-09-25 01:16:50 | INFO | Processed JSON message: {'message': 'Data engineering is my passion.', 'author': 'Alice'}
2025-09-25 01:16:50 | INFO | Message received from author: Alice
2025-09-25 01:16:50 | INFO | Updated author counts: {'Bob': 4, 'Eve': 8, 'Charlie': 6, 'Diana': 5, 'Alice': 3}
2025-09-25 01:16:50 | INFO | Chart updated successfully for message: {"message": "Data engineering is my passion.", "author": "Alice"}
2025-09-25 01:16:50 | INFO | Processed JSON message: {'message': 'Buzz messages for everyone.', 'author': 'Diana'}
2025-09-25 01:16:50 | INFO | Message received from author: Diana
2025-09-25 01:16:50 | INFO | Updated author counts: {'Bob': 4, 'Eve': 8, 'Charlie': 6, 'Diana': 6, 'Alice': 3}
2025-09-25 01:16:51 | INFO | Chart updated successfully for message: {"message": "Buzz messages for everyone.", "author": "Diana"}
2025-09-25 01:16:51 | INFO | Processed JSON message: {'message': 'JSON makes life easier.', 'author': 'Alice'}
2025-09-25 01:16:51 | INFO | Message received from author: Alice
2025-09-25 01:16:51 | INFO | Updated author counts: {'Bob': 4, 'Eve': 8, 'Charlie': 6, 'Diana': 6, 'Alice': 4}
2025-09-25 01:16:51 | INFO | Chart updated successfully for message: {"message": "JSON makes life easier.", "author": "Alice"}
2025-09-25 01:16:51 | INFO | Processed JSON message: {'message': 'Data engineering is my passion.', 'author': 'Eve'}
2025-09-25 01:16:51 | INFO | Message received from author: Eve
2025-09-25 01:16:51 | INFO | Updated author counts: {'Bob': 4, 'Eve': 9, 'Charlie': 6, 'Diana': 6, 'Alice': 4}
2025-09-25 01:16:51 | INFO | Chart updated successfully for message: {"message": "Data engineering is my passion.", "author": "Eve"}
2025-09-25 01:16:51 | INFO | Processed JSON message: {'message': 'Distributed systems are fascinating.', 'author': 'Alice'}
2025-09-25 01:16:51 | INFO | Message received from author: Alice
2025-09-25 01:16:51 | INFO | Updated author counts: {'Bob': 4, 'Eve': 9, 'Charlie': 6, 'Diana': 6, 'Alice': 5}
2025-09-25 01:16:51 | INFO | Chart updated successfully for message: {"message": "Distributed systems are fascinating.", "author": "Alice"}
2025-09-25 01:16:51 | INFO | Processed JSON message: {'message': 'Have a great day!', 'author': 'Charlie'}
2025-09-25 01:16:51 | INFO | Message received from author: Charlie
2025-09-25 01:16:51 | INFO | Updated author counts: {'Bob': 4, 'Eve': 9, 'Charlie': 7, 'Diana': 6, 'Alice': 5}
2025-09-25 01:16:51 | INFO | Chart updated successfully for message: {"message": "Have a great day!", "author": "Charlie"}
2025-09-25 01:16:51 | INFO | Processed JSON message: {'message': 'Data engineering is my passion.', 'author': 'Alice'}
2025-09-25 01:16:51 | INFO | Message received from author: Alice
2025-09-25 01:16:51 | INFO | Updated author counts: {'Bob': 4, 'Eve': 9, 'Charlie': 7, 'Diana': 6, 'Alice': 6}
2025-09-25 01:16:51 | INFO | Chart updated successfully for message: {"message": "Data engineering is my passion.", "author": "Alice"}
2025-09-25 01:16:51 | INFO | Processed JSON message: {'message': 'Distributed systems are fascinating.', 'author': 'Diana'}
2025-09-25 01:16:51 | INFO | Message received from author: Diana
2025-09-25 01:16:51 | INFO | Updated author counts: {'Bob': 4, 'Eve': 9, 'Charlie': 7, 'Diana': 7, 'Alice': 6}
2025-09-25 01:16:51 | INFO | Chart updated successfully for message: {"message": "Distributed systems are fascinating.", "author": "Diana"}
2025-09-25 01:16:51 | INFO | Processed JSON message: {'message': 'Buzz messages for everyone.', 'author': 'Alice'}
2025-09-25 01:16:51 | INFO | Message received from author: Alice
2025-09-25 01:16:51 | INFO | Updated author counts: {'Bob': 4, 'Eve': 9, 'Charlie': 7, 'Diana': 7, 'Alice': 7}
2025-09-25 01:16:52 | INFO | Chart updated successfully for message: {"message": "Buzz messages for everyone.", "author": "Alice"}
2025-09-25 01:16:52 | INFO | Processed JSON message: {'message': 'Hello, Kafka world!', 'author': 'Diana'}
2025-09-25 01:16:52 | INFO | Message received from author: Diana
2025-09-25 01:16:52 | INFO | Updated author counts: {'Bob': 4, 'Eve': 9, 'Charlie': 7, 'Diana': 8, 'Alice': 7}
2025-09-25 01:16:52 | INFO | Chart updated successfully for message: {"message": "Hello, Kafka world!", "author": "Diana"}
2025-09-25 01:16:52 | INFO | Processed JSON message: {'message': 'This is a buzz message.', 'author': 'Eve'}
2025-09-25 01:16:52 | INFO | Message received from author: Eve
2025-09-25 01:16:52 | INFO | Updated author counts: {'Bob': 4, 'Eve': 10, 'Charlie': 7, 'Diana': 8, 'Alice': 7}
2025-09-25 01:16:52 | INFO | Chart updated successfully for message: {"message": "This is a buzz message.", "author": "Eve"}
2025-09-25 01:16:52 | INFO | Processed JSON message: {'message': 'JSON makes life easier.', 'author': 'Eve'}
2025-09-25 01:16:52 | INFO | Message received from author: Eve
2025-09-25 01:16:52 | INFO | Updated author counts: {'Bob': 4, 'Eve': 11, 'Charlie': 7, 'Diana': 8, 'Alice': 7}
2025-09-25 01:16:52 | INFO | Chart updated successfully for message: {"message": "JSON makes life easier.", "author": "Eve"}
2025-09-25 01:16:52 | INFO | Processed JSON message: {'message': 'JSON makes life easier.', 'author': 'Alice'}
2025-09-25 01:16:52 | INFO | Message received from author: Alice
2025-09-25 01:16:52 | INFO | Updated author counts: {'Bob': 4, 'Eve': 11, 'Charlie': 7, 'Diana': 8, 'Alice': 8}
2025-09-25 01:16:53 | INFO | Chart updated successfully for message: {"message": "JSON makes life easier.", "author": "Alice"}
2025-09-25 01:16:53 | INFO | Processed JSON message: {'message': 'Data engineering is my passion.', 'author': 'Diana'}
2025-09-25 01:16:53 | INFO | Message received from author: Diana
2025-09-25 01:16:53 | INFO | Updated author counts: {'Bob': 4, 'Eve': 11, 'Charlie': 7, 'Diana': 9, 'Alice': 8}
2025-09-25 01:16:53 | INFO | Chart updated successfully for message: {"message": "Data engineering is my passion.", "author": "Diana"}
2025-09-25 01:16:53 | INFO | Processed JSON message: {'message': 'JSON makes life easier.', 'author': 'Diana'}
2025-09-25 01:16:53 | INFO | Message received from author: Diana
2025-09-25 01:16:53 | INFO | Updated author counts: {'Bob': 4, 'Eve': 11, 'Charlie': 7, 'Diana': 10, 'Alice': 8}
2025-09-25 01:16:53 | INFO | Chart updated successfully for message: {"message": "JSON makes life easier.", "author": "Diana"}
2025-09-25 01:16:53 | INFO | Processed JSON message: {'message': 'Kafka is awesome.', 'author': 'Charlie'}
2025-09-25 01:16:53 | INFO | Message received from author: Charlie
2025-09-25 01:16:53 | INFO | Updated author counts: {'Bob': 4, 'Eve': 11, 'Charlie': 8, 'Diana': 10, 'Alice': 8}
2025-09-25 01:16:53 | INFO | Chart updated successfully for message: {"message": "Kafka is awesome.", "author": "Charlie"}
2025-09-25 01:16:53 | INFO | Processed JSON message: {'message': 'JSON makes life easier.', 'author': 'Bob'}
2025-09-25 01:16:53 | INFO | Message received from author: Bob
2025-09-25 01:16:53 | INFO | Updated author counts: {'Bob': 5, 'Eve': 11, 'Charlie': 8, 'Diana': 10, 'Alice': 8}
2025-09-25 01:16:53 | INFO | Chart updated successfully for message: {"message": "JSON makes life easier.", "author": "Bob"}
2025-09-25 01:16:53 | INFO | Processed JSON message: {'message': 'I love Python!', 'author': 'Bob'}
2025-09-25 01:16:53 | INFO | Message received from author: Bob
2025-09-25 01:16:53 | INFO | Updated author counts: {'Bob': 6, 'Eve': 11, 'Charlie': 8, 'Diana': 10, 'Alice': 8}
2025-09-25 01:16:53 | INFO | Chart updated successfully for message: {"message": "I love Python!", "author": "Bob"}
2025-09-25 01:16:53 | INFO | Processed JSON message: {'message': 'This is a buzz message.', 'author': 'Eve'}
2025-09-25 01:16:53 | INFO | Message received from author: Eve
2025-09-25 01:16:53 | INFO | Updated author counts: {'Bob': 6, 'Eve': 12, 'Charlie': 8, 'Diana': 10, 'Alice': 8}
2025-09-25 01:16:53 | INFO | Chart updated successfully for message: {"message": "This is a buzz message.", "author": "Eve"}
2025-09-25 01:16:53 | INFO | Processed JSON message: {'message': 'I love Python!', 'author': 'Eve'}
2025-09-25 01:16:53 | INFO | Message received from author: Eve
2025-09-25 01:16:53 | INFO | Updated author counts: {'Bob': 6, 'Eve': 13, 'Charlie': 8, 'Diana': 10, 'Alice': 8}
2025-09-25 01:16:54 | INFO | Chart updated successfully for message: {"message": "I love Python!", "author": "Eve"}
2025-09-25 01:16:54 | INFO | Processed JSON message: {'message': 'Buzz messages for everyone.', 'author': 'Alice'}
2025-09-25 01:16:54 | INFO | Message received from author: Alice
2025-09-25 01:16:54 | INFO | Updated author counts: {'Bob': 6, 'Eve': 13, 'Charlie': 8, 'Diana': 10, 'Alice': 9}
2025-09-25 01:16:54 | INFO | Chart updated successfully for message: {"message": "Buzz messages for everyone.", "author": "Alice"}
2025-09-25 01:16:54 | INFO | Processed JSON message: {'message': 'This is a buzz message.', 'author': 'Alice'}
2025-09-25 01:16:54 | INFO | Message received from author: Alice
2025-09-25 01:16:54 | INFO | Updated author counts: {'Bob': 6, 'Eve': 13, 'Charlie': 8, 'Diana': 10, 'Alice': 10}
2025-09-25 01:16:54 | INFO | Chart updated successfully for message: {"message": "This is a buzz message.", "author": "Alice"}
2025-09-25 01:16:54 | INFO | Processed JSON message: {'message': 'Data engineering is my passion.', 'author': 'Diana'}
2025-09-25 01:16:54 | INFO | Message received from author: Diana
2025-09-25 01:16:54 | INFO | Updated author counts: {'Bob': 6, 'Eve': 13, 'Charlie': 8, 'Diana': 11, 'Alice': 10}
2025-09-25 01:16:54 | INFO | Chart updated successfully for message: {"message": "Data engineering is my passion.", "author": "Diana"}
2025-09-25 01:16:54 | INFO | Processed JSON message: {'message': 'I love Python!', 'author': 'Eve'}
2025-09-25 01:16:54 | INFO | Message received from author: Eve
2025-09-25 01:16:54 | INFO | Updated author counts: {'Bob': 6, 'Eve': 14, 'Charlie': 8, 'Diana': 11, 'Alice': 10}
2025-09-25 01:16:54 | INFO | Chart updated successfully for message: {"message": "I love Python!", "author": "Eve"}
2025-09-25 01:16:54 | INFO | Processed JSON message: {'message': 'JSON makes life easier.', 'author': 'Charlie'}
2025-09-25 01:16:54 | INFO | Message received from author: Charlie
2025-09-25 01:16:54 | INFO | Updated author counts: {'Bob': 6, 'Eve': 14, 'Charlie': 9, 'Diana': 11, 'Alice': 10}
2025-09-25 01:16:54 | INFO | Chart updated successfully for message: {"message": "JSON makes life easier.", "author": "Charlie"}
2025-09-25 01:16:54 | INFO | Processed JSON message: {'message': 'Have a great day!', 'author': 'Bob'}
2025-09-25 01:16:54 | INFO | Message received from author: Bob
2025-09-25 01:16:54 | INFO | Updated author counts: {'Bob': 7, 'Eve': 14, 'Charlie': 9, 'Diana': 11, 'Alice': 10}
2025-09-25 01:16:54 | INFO | Chart updated successfully for message: {"message": "Have a great day!", "author": "Bob"}
2025-09-25 01:16:54 | INFO | Processed JSON message: {'message': 'Data engineering is my passion.', 'author': 'Alice'}
2025-09-25 01:16:54 | INFO | Message received from author: Alice
2025-09-25 01:16:54 | INFO | Updated author counts: {'Bob': 7, 'Eve': 14, 'Charlie': 9, 'Diana': 11, 'Alice': 11}
2025-09-25 01:16:55 | INFO | Chart updated successfully for message: {"message": "Data engineering is my passion.", "author": "Alice"}
2025-09-25 01:16:55 | INFO | Processed JSON message: {'message': 'Kafka is awesome.', 'author': 'Diana'}
2025-09-25 01:16:55 | INFO | Message received from author: Diana
2025-09-25 01:16:55 | INFO | Updated author counts: {'Bob': 7, 'Eve': 14, 'Charlie': 9, 'Diana': 12, 'Alice': 11}
2025-09-25 01:16:55 | INFO | Chart updated successfully for message: {"message": "Kafka is awesome.", "author": "Diana"}
2025-09-25 01:16:55 | INFO | Processed JSON message: {'message': 'Kafka is awesome.', 'author': 'Diana'}
2025-09-25 01:16:55 | INFO | Message received from author: Diana
2025-09-25 01:16:55 | INFO | Updated author counts: {'Bob': 7, 'Eve': 14, 'Charlie': 9, 'Diana': 13, 'Alice': 11}
2025-09-25 01:16:55 | INFO | Chart updated successfully for message: {"message": "Kafka is awesome.", "author": "Diana"}
2025-09-25 01:16:55 | INFO | Processed JSON message: {'message': 'Hello, Kafka world!', 'author': 'Bob'}
2025-09-25 01:16:55 | INFO | Message received from author: Bob
2025-09-25 01:16:55 | INFO | Updated author counts: {'Bob': 8, 'Eve': 14, 'Charlie': 9, 'Diana': 13, 'Alice': 11}
2025-09-25 01:16:55 | INFO | Chart updated successfully for message: {"message": "Hello, Kafka world!", "author": "Bob"}
2025-09-25 01:16:55 | INFO | Processed JSON message: {'message': 'Distributed systems are fascinating.', 'author': 'Diana'}
2025-09-25 01:16:55 | INFO | Message received from author: Diana
2025-09-25 01:16:55 | INFO | Updated author counts: {'Bob': 8, 'Eve': 14, 'Charlie': 9, 'Diana': 14, 'Alice': 11}
2025-09-25 01:16:55 | INFO | Chart updated successfully for message: {"message": "Distributed systems are fascinating.", "author": "Diana"}
2025-09-25 01:16:55 | INFO | Processed JSON message: {'message': 'I love Python!', 'author': 'Diana'}
2025-09-25 01:16:55 | INFO | Message received from author: Diana
2025-09-25 01:16:55 | INFO | Updated author counts: {'Bob': 8, 'Eve': 14, 'Charlie': 9, 'Diana': 15, 'Alice': 11}
2025-09-25 01:16:55 | INFO | Chart updated successfully for message: {"message": "I love Python!", "author": "Diana"}
2025-09-25 01:16:55 | INFO | Processed JSON message: {'message': 'Have a great day!', 'author': 'Alice'}
2025-09-25 01:16:55 | INFO | Message received from author: Alice
2025-09-25 01:16:55 | INFO | Updated author counts: {'Bob': 8, 'Eve': 14, 'Charlie': 9, 'Diana': 15, 'Alice': 12}
2025-09-25 01:16:55 | INFO | Chart updated successfully for message: {"message": "Have a great day!", "author": "Alice"}
2025-09-25 01:16:55 | INFO | Processed JSON message: {'message': 'Hello, Kafka world!', 'author': 'Charlie'}
2025-09-25 01:16:55 | INFO | Message received from author: Charlie
2025-09-25 01:16:55 | INFO | Updated author counts: {'Bob': 8, 'Eve': 14, 'Charlie': 10, 'Diana': 15, 'Alice': 12}
2025-09-25 01:16:56 | INFO | Chart updated successfully for message: {"message": "Hello, Kafka world!", "author": "Charlie"}
2025-09-25 01:16:56 | INFO | Processed JSON message: {'message': 'JSON makes life easier.', 'author': 'Diana'}
2025-09-25 01:16:56 | INFO | Message received from author: Diana
2025-09-25 01:16:56 | INFO | Updated author counts: {'Bob': 8, 'Eve': 14, 'Charlie': 10, 'Diana': 16, 'Alice': 12}
2025-09-25 01:16:56 | INFO | Chart updated successfully for message: {"message": "JSON makes life easier.", "author": "Diana"}
2025-09-25 01:16:56 | INFO | Processed JSON message: {'message': 'I love Python!', 'author': 'Bob'}
2025-09-25 01:16:56 | INFO | Message received from author: Bob
2025-09-25 01:16:56 | INFO | Updated author counts: {'Bob': 9, 'Eve': 14, 'Charlie': 10, 'Diana': 16, 'Alice': 12}
2025-09-25 01:16:56 | INFO | Chart updated successfully for message: {"message": "I love Python!", "author": "Bob"}
2025-09-25 01:16:56 | INFO | Processed JSON message: {'message': 'Have a great day!', 'author': 'Diana'}
2025-09-25 01:16:56 | INFO | Message received from author: Diana
2025-09-25 01:16:56 | INFO | Updated author counts: {'Bob': 9, 'Eve': 14, 'Charlie': 10, 'Diana': 17, 'Alice': 12}
2025-09-25 01:16:56 | INFO | Chart updated successfully for message: {"message": "Have a great day!", "author": "Diana"}
2025-09-25 01:16:56 | INFO | Processed JSON message: {'message': 'Hello, Kafka world!', 'author': 'Alice'}
2025-09-25 01:16:56 | INFO | Message received from author: Alice
2025-09-25 01:16:56 | INFO | Updated author counts: {'Bob': 9, 'Eve': 14, 'Charlie': 10, 'Diana': 17, 'Alice': 13}
2025-09-25 01:16:56 | INFO | Chart updated successfully for message: {"message": "Hello, Kafka world!", "author": "Alice"}
2025-09-25 01:16:56 | INFO | Processed JSON message: {'message': 'JSON makes life easier.', 'author': 'Alice'}
2025-09-25 01:16:56 | INFO | Message received from author: Alice
2025-09-25 01:16:56 | INFO | Updated author counts: {'Bob': 9, 'Eve': 14, 'Charlie': 10, 'Diana': 17, 'Alice': 14}
2025-09-25 01:16:57 | INFO | Chart updated successfully for message: {"message": "JSON makes life easier.", "author": "Alice"}
2025-09-25 01:16:57 | INFO | Processed JSON message: {'message': 'Buzz messages for everyone.', 'author': 'Charlie'}
2025-09-25 01:16:57 | INFO | Message received from author: Charlie
2025-09-25 01:16:57 | INFO | Updated author counts: {'Bob': 9, 'Eve': 14, 'Charlie': 11, 'Diana': 17, 'Alice': 14}
2025-09-25 01:16:57 | INFO | Chart updated successfully for message: {"message": "Buzz messages for everyone.", "author": "Charlie"}
2025-09-25 01:16:57 | INFO | Processed JSON message: {'message': 'Buzz messages for everyone.', 'author': 'Bob'}
2025-09-25 01:16:57 | INFO | Message received from author: Bob
2025-09-25 01:16:57 | INFO | Updated author counts: {'Bob': 10, 'Eve': 14, 'Charlie': 11, 'Diana': 17, 'Alice': 14}
2025-09-25 01:16:57 | INFO | Chart updated successfully for message: {"message": "Buzz messages for everyone.", "author": "Bob"}
2025-09-25 01:16:57 | INFO | Processed JSON message: {'message': 'Streaming data is fun.', 'author': 'Diana'}
2025-09-25 01:16:57 | INFO | Message received from author: Diana
2025-09-25 01:16:57 | INFO | Updated author counts: {'Bob': 10, 'Eve': 14, 'Charlie': 11, 'Diana': 18, 'Alice': 14}
2025-09-25 01:16:57 | INFO | Chart updated successfully for message: {"message": "Streaming data is fun.", "author": "Diana"}
2025-09-25 01:16:57 | INFO | Processed JSON message: {'message': 'Have a great day!', 'author': 'Diana'}
2025-09-25 01:16:57 | INFO | Message received from author: Diana
2025-09-25 01:16:57 | INFO | Updated author counts: {'Bob': 10, 'Eve': 14, 'Charlie': 11, 'Diana': 19, 'Alice': 14}
2025-09-25 01:16:58 | INFO | Chart updated successfully for message: {"message": "Have a great day!", "author": "Diana"}
2025-09-25 01:16:58 | INFO | Processed JSON message: {'message': 'I love Python!', 'author': 'Alice'}
2025-09-25 01:16:58 | INFO | Message received from author: Alice
2025-09-25 01:16:58 | INFO | Updated author counts: {'Bob': 10, 'Eve': 14, 'Charlie': 11, 'Diana': 19, 'Alice': 15}
2025-09-25 01:16:58 | INFO | Chart updated successfully for message: {"message": "I love Python!", "author": "Alice"}
2025-09-25 01:16:58 | INFO | Processed JSON message: {'message': 'Streaming data is fun.', 'author': 'Charlie'}
2025-09-25 01:16:58 | INFO | Message received from author: Charlie
2025-09-25 01:16:58 | INFO | Updated author counts: {'Bob': 10, 'Eve': 14, 'Charlie': 12, 'Diana': 19, 'Alice': 15}
2025-09-25 01:16:58 | INFO | Chart updated successfully for message: {"message": "Streaming data is fun.", "author": "Charlie"}
2025-09-25 01:16:58 | INFO | Processed JSON message: {'message': 'Kafka is awesome.', 'author': 'Alice'}
2025-09-25 01:16:58 | INFO | Message received from author: Alice
2025-09-25 01:16:58 | INFO | Updated author counts: {'Bob': 10, 'Eve': 14, 'Charlie': 12, 'Diana': 19, 'Alice': 16}
2025-09-25 01:16:58 | INFO | Chart updated successfully for message: {"message": "Kafka is awesome.", "author": "Alice"}
2025-09-25 01:16:58 | INFO | Processed JSON message: {'message': 'Kafka is awesome.', 'author': 'Diana'}
2025-09-25 01:16:58 | INFO | Message received from author: Diana
2025-09-25 01:16:58 | INFO | Updated author counts: {'Bob': 10, 'Eve': 14, 'Charlie': 12, 'Diana': 20, 'Alice': 16}
2025-09-25 01:16:58 | INFO | Chart updated successfully for message: {"message": "Kafka is awesome.", "author": "Diana"}
2025-09-25 01:16:58 | INFO | Processed JSON message: {'message': 'Kafka is awesome.', 'author': 'Alice'}
2025-09-25 01:16:58 | INFO | Message received from author: Alice
2025-09-25 01:16:58 | INFO | Updated author counts: {'Bob': 10, 'Eve': 14, 'Charlie': 12, 'Diana': 20, 'Alice': 17}
2025-09-25 01:16:58 | INFO | Chart updated successfully for message: {"message": "Kafka is awesome.", "author": "Alice"}
2025-09-25 01:16:58 | INFO | Processed JSON message: {'message': 'JSON makes life easier.', 'author': 'Bob'}
2025-09-25 01:16:58 | INFO | Message received from author: Bob
2025-09-25 01:16:58 | INFO | Updated author counts: {'Bob': 11, 'Eve': 14, 'Charlie': 12, 'Diana': 20, 'Alice': 17}
2025-09-25 01:16:58 | INFO | Chart updated successfully for message: {"message": "JSON makes life easier.", "author": "Bob"}
2025-09-25 01:16:58 | INFO | Processed JSON message: {'message': 'This is a buzz message.', 'author': 'Bob'}
2025-09-25 01:16:58 | INFO | Message received from author: Bob
2025-09-25 01:16:58 | INFO | Updated author counts: {'Bob': 12, 'Eve': 14, 'Charlie': 12, 'Diana': 20, 'Alice': 17}
2025-09-25 01:16:59 | INFO | Chart updated successfully for message: {"message": "This is a buzz message.", "author": "Bob"}
2025-09-25 01:16:59 | INFO | Processed JSON message: {'message': 'Streaming data is fun.', 'author': 'Diana'}
2025-09-25 01:16:59 | INFO | Message received from author: Diana
2025-09-25 01:16:59 | INFO | Updated author counts: {'Bob': 12, 'Eve': 14, 'Charlie': 12, 'Diana': 21, 'Alice': 17}
2025-09-25 01:16:59 | INFO | Chart updated successfully for message: {"message": "Streaming data is fun.", "author": "Diana"}
2025-09-25 01:16:59 | INFO | Processed JSON message: {'message': 'Have a great day!', 'author': 'Bob'}
2025-09-25 01:16:59 | INFO | Message received from author: Bob
2025-09-25 01:16:59 | INFO | Updated author counts: {'Bob': 13, 'Eve': 14, 'Charlie': 12, 'Diana': 21, 'Alice': 17}
2025-09-25 01:16:59 | INFO | Chart updated successfully for message: {"message": "Have a great day!", "author": "Bob"}
2025-09-25 01:16:59 | INFO | Processed JSON message: {'message': 'This is a buzz message.', 'author': 'Eve'}
2025-09-25 01:16:59 | INFO | Message received from author: Eve
2025-09-25 01:16:59 | INFO | Updated author counts: {'Bob': 13, 'Eve': 15, 'Charlie': 12, 'Diana': 21, 'Alice': 17}
2025-09-25 01:16:59 | INFO | Chart updated successfully for message: {"message": "This is a buzz message.", "author": "Eve"}
2025-09-25 01:16:59 | INFO | Processed JSON message: {'message': 'Hello, Kafka world!', 'author': 'Bob'}
2025-09-25 01:16:59 | INFO | Message received from author: Bob
2025-09-25 01:16:59 | INFO | Updated author counts: {'Bob': 14, 'Eve': 15, 'Charlie': 12, 'Diana': 21, 'Alice': 17}
2025-09-25 01:16:59 | INFO | Chart updated successfully for message: {"message": "Hello, Kafka world!", "author": "Bob"}
2025-09-25 01:16:59 | INFO | Processed JSON message: {'message': 'This is a buzz message.', 'author': 'Alice'}
2025-09-25 01:16:59 | INFO | Message received from author: Alice
2025-09-25 01:16:59 | INFO | Updated author counts: {'Bob': 14, 'Eve': 15, 'Charlie': 12, 'Diana': 21, 'Alice': 18}
2025-09-25 01:16:59 | INFO | Chart updated successfully for message: {"message": "This is a buzz message.", "author": "Alice"}
2025-09-25 01:16:59 | INFO | Processed JSON message: {'message': 'Streaming data is fun.', 'author': 'Eve'}
2025-09-25 01:16:59 | INFO | Message received from author: Eve
2025-09-25 01:16:59 | INFO | Updated author counts: {'Bob': 14, 'Eve': 16, 'Charlie': 12, 'Diana': 21, 'Alice': 18}
2025-09-25 01:17:00 | INFO | Chart updated successfully for message: {"message": "Streaming data is fun.", "author": "Eve"}
2025-09-25 01:17:00 | INFO | Processed JSON message: {'message': 'Kafka is awesome.', 'author': 'Alice'}
2025-09-25 01:17:00 | INFO | Message received from author: Alice
2025-09-25 01:17:00 | INFO | Updated author counts: {'Bob': 14, 'Eve': 16, 'Charlie': 12, 'Diana': 21, 'Alice': 19}
2025-09-25 01:17:00 | INFO | Chart updated successfully for message: {"message": "Kafka is awesome.", "author": "Alice"}
2025-09-25 01:17:00 | INFO | Processed JSON message: {'message': 'JSON makes life easier.', 'author': 'Bob'}
2025-09-25 01:17:00 | INFO | Message received from author: Bob
2025-09-25 01:17:00 | INFO | Updated author counts: {'Bob': 15, 'Eve': 16, 'Charlie': 12, 'Diana': 21, 'Alice': 19}
2025-09-25 01:17:00 | INFO | Chart updated successfully for message: {"message": "JSON makes life easier.", "author": "Bob"}
2025-09-25 01:17:00 | INFO | Processed JSON message: {'message': 'This is a buzz message.', 'author': 'Charlie'}
2025-09-25 01:17:00 | INFO | Message received from author: Charlie
2025-09-25 01:17:00 | INFO | Updated author counts: {'Bob': 15, 'Eve': 16, 'Charlie': 13, 'Diana': 21, 'Alice': 19}
2025-09-25 01:17:00 | INFO | Chart updated successfully for message: {"message": "This is a buzz message.", "author": "Charlie"}
2025-09-25 01:17:00 | INFO | Processed JSON message: {'message': 'Have a great day!', 'author': 'Diana'}
2025-09-25 01:17:00 | INFO | Message received from author: Diana
2025-09-25 01:17:00 | INFO | Updated author counts: {'Bob': 15, 'Eve': 16, 'Charlie': 13, 'Diana': 22, 'Alice': 19}
2025-09-25 01:17:00 | INFO | Chart updated successfully for message: {"message": "Have a great day!", "author": "Diana"}
2025-09-25 01:17:00 | INFO | Processed JSON message: {'message': 'Distributed systems are fascinating.', 'author': 'Bob'}
2025-09-25 01:17:00 | INFO | Message received from author: Bob
2025-09-25 01:17:00 | INFO | Updated author counts: {'Bob': 16, 'Eve': 16, 'Charlie': 13, 'Diana': 22, 'Alice': 19}
2025-09-25 01:17:00 | INFO | Chart updated successfully for message: {"message": "Distributed systems are fascinating.", "author": "Bob"}
2025-09-25 01:17:00 | INFO | Processed JSON message: {'message': 'Kafka is awesome.', 'author': 'Alice'}
2025-09-25 01:17:00 | INFO | Message received from author: Alice
2025-09-25 01:17:00 | INFO | Updated author counts: {'Bob': 16, 'Eve': 16, 'Charlie': 13, 'Diana': 22, 'Alice': 20}
2025-09-25 01:17:00 | INFO | Chart updated successfully for message: {"message": "Kafka is awesome.", "author": "Alice"}
2025-09-25 01:17:00 | INFO | Processed JSON message: {'message': 'Streaming data is fun.', 'author': 'Alice'}
2025-09-25 01:17:00 | INFO | Message received from author: Alice
2025-09-25 01:17:00 | INFO | Updated author counts: {'Bob': 16, 'Eve': 16, 'Charlie': 13, 'Diana': 22, 'Alice': 21}
2025-09-25 01:17:01 | INFO | Chart updated successfully for message: {"message": "Streaming data is fun.", "author": "Alice"}
2025-09-25 01:17:01 | INFO | Processed JSON message: {'message': 'Have a great day!', 'author': 'Diana'}
2025-09-25 01:17:01 | INFO | Message received from author: Diana
2025-09-25 01:17:01 | INFO | Updated author counts: {'Bob': 16, 'Eve': 16, 'Charlie': 13, 'Diana': 23, 'Alice': 21}
2025-09-25 01:17:01 | INFO | Chart updated successfully for message: {"message": "Have a great day!", "author": "Diana"}
2025-09-25 01:17:01 | INFO | Processed JSON message: {'message': 'Streaming data is fun.', 'author': 'Alice'}
2025-09-25 01:17:01 | INFO | Message received from author: Alice
2025-09-25 01:17:01 | INFO | Updated author counts: {'Bob': 16, 'Eve': 16, 'Charlie': 13, 'Diana': 23, 'Alice': 22}
2025-09-25 01:17:01 | INFO | Chart updated successfully for message: {"message": "Streaming data is fun.", "author": "Alice"}
2025-09-25 01:17:01 | INFO | Processed JSON message: {'message': 'This is a buzz message.', 'author': 'Diana'}
2025-09-25 01:17:01 | INFO | Message received from author: Diana
2025-09-25 01:17:01 | INFO | Updated author counts: {'Bob': 16, 'Eve': 16, 'Charlie': 13, 'Diana': 24, 'Alice': 22}
2025-09-25 01:17:01 | INFO | Chart updated successfully for message: {"message": "This is a buzz message.", "author": "Diana"}
2025-09-25 01:17:01 | INFO | Processed JSON message: {'message': 'Data engineering is my passion.', 'author': 'Bob'}
2025-09-25 01:17:01 | INFO | Message received from author: Bob
2025-09-25 01:17:01 | INFO | Updated author counts: {'Bob': 17, 'Eve': 16, 'Charlie': 13, 'Diana': 24, 'Alice': 22}
2025-09-25 01:17:01 | INFO | Chart updated successfully for message: {"message": "Data engineering is my passion.", "author": "Bob"}
2025-09-25 01:17:01 | INFO | Processed JSON message: {'message': 'Have a great day!', 'author': 'Diana'}
2025-09-25 01:17:01 | INFO | Message received from author: Diana
2025-09-25 01:17:01 | INFO | Updated author counts: {'Bob': 17, 'Eve': 16, 'Charlie': 13, 'Diana': 25, 'Alice': 22}
2025-09-25 01:17:01 | INFO | Chart updated successfully for message: {"message": "Have a great day!", "author": "Diana"}
2025-09-25 01:17:01 | INFO | Processed JSON message: {'message': 'Kafka is awesome.', 'author': 'Alice'}
2025-09-25 01:17:01 | INFO | Message received from author: Alice
2025-09-25 01:17:01 | INFO | Updated author counts: {'Bob': 17, 'Eve': 16, 'Charlie': 13, 'Diana': 25, 'Alice': 23}
2025-09-25 01:17:01 | INFO | Chart updated successfully for message: {"message": "Kafka is awesome.", "author": "Alice"}
2025-09-25 01:17:01 | INFO | Processed JSON message: {'message': 'Kafka is awesome.', 'author': 'Eve'}
2025-09-25 01:17:01 | INFO | Message received from author: Eve
2025-09-25 01:17:01 | INFO | Updated author counts: {'Bob': 17, 'Eve': 17, 'Charlie': 13, 'Diana': 25, 'Alice': 23}
2025-09-25 01:17:02 | INFO | Chart updated successfully for message: {"message": "Kafka is awesome.", "author": "Eve"}
2025-09-25 01:17:02 | INFO | Processed JSON message: {'message': 'Have a great day!', 'author': 'Diana'}
2025-09-25 01:17:02 | INFO | Message received from author: Diana
2025-09-25 01:17:02 | INFO | Updated author counts: {'Bob': 17, 'Eve': 17, 'Charlie': 13, 'Diana': 26, 'Alice': 23}
2025-09-25 01:17:02 | INFO | Chart updated successfully for message: {"message": "Have a great day!", "author": "Diana"}
2025-09-25 01:17:02 | INFO | Processed JSON message: {'message': 'Buzz messages for everyone.', 'author': 'Charlie'}
2025-09-25 01:17:02 | INFO | Message received from author: Charlie
2025-09-25 01:17:02 | INFO | Updated author counts: {'Bob': 17, 'Eve': 17, 'Charlie': 14, 'Diana': 26, 'Alice': 23}
2025-09-25 01:17:02 | INFO | Chart updated successfully for message: {"message": "Buzz messages for everyone.", "author": "Charlie"}
2025-09-25 01:17:02 | INFO | Processed JSON message: {'message': 'This is a buzz message.', 'author': 'Charlie'}
2025-09-25 01:17:02 | INFO | Message received from author: Charlie
2025-09-25 01:17:02 | INFO | Updated author counts: {'Bob': 17, 'Eve': 17, 'Charlie': 15, 'Diana': 26, 'Alice': 23}
2025-09-25 01:17:02 | INFO | Chart updated successfully for message: {"message": "This is a buzz message.", "author": "Charlie"}
2025-09-25 01:17:02 | INFO | Processed JSON message: {'message': 'Streaming data is fun.', 'author': 'Alice'}
2025-09-25 01:17:02 | INFO | Message received from author: Alice
2025-09-25 01:17:02 | INFO | Updated author counts: {'Bob': 17, 'Eve': 17, 'Charlie': 15, 'Diana': 26, 'Alice': 24}
2025-09-25 01:17:02 | INFO | Chart updated successfully for message: {"message": "Streaming data is fun.", "author": "Alice"}
2025-09-25 01:17:02 | INFO | Processed JSON message: {'message': 'Hello, Kafka world!', 'author': 'Diana'}
2025-09-25 01:17:02 | INFO | Message received from author: Diana
2025-09-25 01:17:02 | INFO | Updated author counts: {'Bob': 17, 'Eve': 17, 'Charlie': 15, 'Diana': 27, 'Alice': 24}
2025-09-25 01:17:02 | INFO | Chart updated successfully for message: {"message": "Hello, Kafka world!", "author": "Diana"}
2025-09-25 01:17:02 | INFO | Processed JSON message: {'message': 'Kafka is awesome.', 'author': 'Bob'}
2025-09-25 01:17:02 | INFO | Message received from author: Bob
2025-09-25 01:17:02 | INFO | Updated author counts: {'Bob': 18, 'Eve': 17, 'Charlie': 15, 'Diana': 27, 'Alice': 24}
2025-09-25 01:17:02 | INFO | Chart updated successfully for message: {"message": "Kafka is awesome.", "author": "Bob"}
2025-09-25 01:17:02 | INFO | Processed JSON message: {'message': 'I love Python!', 'author': 'Eve'}
2025-09-25 01:17:02 | INFO | Message received from author: Eve
2025-09-25 01:17:02 | INFO | Updated author counts: {'Bob': 18, 'Eve': 18, 'Charlie': 15, 'Diana': 27, 'Alice': 24}
2025-09-25 01:17:06 | INFO | Chart updated successfully for message: {"message": "I love Python!", "author": "Eve"}
2025-09-25 01:17:06 | INFO | Processed JSON message: {'message': 'JSON makes life easier.', 'author': 'Charlie'}
2025-09-25 01:17:06 | INFO | Message received from author: Charlie
2025-09-25 01:17:06 | INFO | Updated author counts: {'Bob': 18, 'Eve': 18, 'Charlie': 16, 'Diana': 27, 'Alice': 24}
2025-09-25 01:17:06 | INFO | Chart updated successfully for message: {"message": "JSON makes life easier.", "author": "Charlie"}
2025-09-25 01:17:06 | INFO | Processed JSON message: {'message': 'I love Python!', 'author': 'Charlie'}
2025-09-25 01:17:06 | INFO | Message received from author: Charlie
2025-09-25 01:17:06 | INFO | Updated author counts: {'Bob': 18, 'Eve': 18, 'Charlie': 17, 'Diana': 27, 'Alice': 24}
2025-09-25 01:17:06 | INFO | Chart updated successfully for message: {"message": "I love Python!", "author": "Charlie"}
2025-09-25 01:17:06 | INFO | Processed JSON message: {'message': 'I love Python!', 'author': 'Charlie'}
2025-09-25 01:17:06 | INFO | Message received from author: Charlie
2025-09-25 01:17:06 | INFO | Updated author counts: {'Bob': 18, 'Eve': 18, 'Charlie': 18, 'Diana': 27, 'Alice': 24}
2025-09-25 01:17:06 | INFO | Chart updated successfully for message: {"message": "I love Python!", "author": "Charlie"}
2025-09-25 01:17:06 | INFO | Processed JSON message: {'message': 'I love Python!', 'author': 'Diana'}
2025-09-25 01:17:06 | INFO | Message received from author: Diana
2025-09-25 01:17:06 | INFO | Updated author counts: {'Bob': 18, 'Eve': 18, 'Charlie': 18, 'Diana': 28, 'Alice': 24}
2025-09-25 01:17:06 | INFO | Chart updated successfully for message: {"message": "I love Python!", "author": "Diana"}
2025-09-25 01:17:06 | INFO | Processed JSON message: {'message': 'Streaming data is fun.', 'author': 'Diana'}
2025-09-25 01:17:06 | INFO | Message received from author: Diana
2025-09-25 01:17:06 | INFO | Updated author counts: {'Bob': 18, 'Eve': 18, 'Charlie': 18, 'Diana': 29, 'Alice': 24}
2025-09-25 01:17:06 | INFO | Chart updated successfully for message: {"message": "Streaming data is fun.", "author": "Diana"}
2025-09-25 01:17:06 | INFO | Processed JSON message: {'message': 'Data engineering is my passion.', 'author': 'Eve'}
2025-09-25 01:17:06 | INFO | Message received from author: Eve
2025-09-25 01:17:06 | INFO | Updated author counts: {'Bob': 18, 'Eve': 19, 'Charlie': 18, 'Diana': 29, 'Alice': 24}
2025-09-25 01:17:06 | INFO | Chart updated successfully for message: {"message": "Data engineering is my passion.", "author": "Eve"}
2025-09-25 01:17:06 | INFO | Processed JSON message: {'message': 'Buzz messages for everyone.', 'author': 'Eve'}
2025-09-25 01:17:06 | INFO | Message received from author: Eve
2025-09-25 01:17:06 | INFO | Updated author counts: {'Bob': 18, 'Eve': 20, 'Charlie': 18, 'Diana': 29, 'Alice': 24}
2025-09-25 01:17:07 | INFO | Chart updated successfully for message: {"message": "Buzz messages for everyone.", "author": "Eve"}
2025-09-25 01:17:07 | INFO | Processed JSON message: {'message': 'JSON makes life easier.', 'author': 'Eve'}
2025-09-25 01:17:07 | INFO | Message received from author: Eve
2025-09-25 01:17:07 | INFO | Updated author counts: {'Bob': 18, 'Eve': 21, 'Charlie': 18, 'Diana': 29, 'Alice': 24}
2025-09-25 01:17:07 | INFO | Chart updated successfully for message: {"message": "JSON makes life easier.", "author": "Eve"}
2025-09-25 01:17:07 | INFO | Processed JSON message: {'message': 'Have a great day!', 'author': 'Alice'}
2025-09-25 01:17:07 | INFO | Message received from author: Alice
2025-09-25 01:17:07 | INFO | Updated author counts: {'Bob': 18, 'Eve': 21, 'Charlie': 18, 'Diana': 29, 'Alice': 25}
2025-09-25 01:17:07 | INFO | Chart updated successfully for message: {"message": "Have a great day!", "author": "Alice"}
2025-09-25 01:17:07 | INFO | Processed JSON message: {'message': 'I love Python!', 'author': 'Bob'}
2025-09-25 01:17:07 | INFO | Message received from author: Bob
2025-09-25 01:17:07 | INFO | Updated author counts: {'Bob': 19, 'Eve': 21, 'Charlie': 18, 'Diana': 29, 'Alice': 25}
2025-09-25 01:17:07 | INFO | Chart updated successfully for message: {"message": "I love Python!", "author": "Bob"}
2025-09-25 01:17:07 | INFO | Processed JSON message: {'message': 'I love Python!', 'author': 'Bob'}
2025-09-25 01:17:07 | INFO | Message received from author: Bob
2025-09-25 01:17:07 | INFO | Updated author counts: {'Bob': 20, 'Eve': 21, 'Charlie': 18, 'Diana': 29, 'Alice': 25}
2025-09-25 01:17:07 | INFO | Chart updated successfully for message: {"message": "I love Python!", "author": "Bob"}
2025-09-25 01:17:07 | INFO | Processed JSON message: {'message': 'This is a buzz message.', 'author': 'Eve'}
2025-09-25 01:17:07 | INFO | Message received from author: Eve
2025-09-25 01:17:07 | INFO | Updated author counts: {'Bob': 20, 'Eve': 22, 'Charlie': 18, 'Diana': 29, 'Alice': 25}
2025-09-25 01:17:07 | INFO | Chart updated successfully for message: {"message": "This is a buzz message.", "author": "Eve"}
2025-09-25 01:17:07 | INFO | Processed JSON message: {'message': 'This is a buzz message.', 'author': 'Alice'}
2025-09-25 01:17:07 | INFO | Message received from author: Alice
2025-09-25 01:17:07 | INFO | Updated author counts: {'Bob': 20, 'Eve': 22, 'Charlie': 18, 'Diana': 29, 'Alice': 26}
2025-09-25 01:17:07 | INFO | Chart updated successfully for message: {"message": "This is a buzz message.", "author": "Alice"}
2025-09-25 01:17:07 | INFO | Processed JSON message: {'message': 'Distributed systems are fascinating.', 'author': 'Diana'}
2025-09-25 01:17:07 | INFO | Message received from author: Diana
2025-09-25 01:17:07 | INFO | Updated author counts: {'Bob': 20, 'Eve': 22, 'Charlie': 18, 'Diana': 30, 'Alice': 26}
2025-09-25 01:17:08 | INFO | Chart updated successfully for message: {"message": "Distributed systems are fascinating.", "author": "Diana"}
2025-09-25 01:17:08 | INFO | Processed JSON message: {'message': 'Streaming data is fun.', 'author': 'Eve'}
2025-09-25 01:17:08 | INFO | Message received from author: Eve
2025-09-25 01:17:08 | INFO | Updated author counts: {'Bob': 20, 'Eve': 23, 'Charlie': 18, 'Diana': 30, 'Alice': 26}
2025-09-25 01:17:08 | INFO | Chart updated successfully for message: {"message": "Streaming data is fun.", "author": "Eve"}
2025-09-25 01:17:08 | INFO | Processed JSON message: {'message': 'Have a great day!', 'author': 'Charlie'}
2025-09-25 01:17:08 | INFO | Message received from author: Charlie
2025-09-25 01:17:08 | INFO | Updated author counts: {'Bob': 20, 'Eve': 23, 'Charlie': 19, 'Diana': 30, 'Alice': 26}
2025-09-25 01:17:08 | INFO | Chart updated successfully for message: {"message": "Have a great day!", "author": "Charlie"}
2025-09-25 01:17:08 | INFO | Processed JSON message: {'message': 'JSON makes life easier.', 'author': 'Eve'}
2025-09-25 01:17:08 | INFO | Message received from author: Eve
2025-09-25 01:17:08 | INFO | Updated author counts: {'Bob': 20, 'Eve': 24, 'Charlie': 19, 'Diana': 30, 'Alice': 26}
2025-09-25 01:17:08 | INFO | Chart updated successfully for message: {"message": "JSON makes life easier.", "author": "Eve"}
2025-09-25 01:17:08 | INFO | Processed JSON message: {'message': 'Buzz messages for everyone.', 'author': 'Diana'}
2025-09-25 01:17:08 | INFO | Message received from author: Diana
2025-09-25 01:17:08 | INFO | Updated author counts: {'Bob': 20, 'Eve': 24, 'Charlie': 19, 'Diana': 31, 'Alice': 26}
2025-09-25 01:17:08 | INFO | Chart updated successfully for message: {"message": "Buzz messages for everyone.", "author": "Diana"}
2025-09-25 01:17:08 | INFO | Processed JSON message: {'message': 'This is a buzz message.', 'author': 'Charlie'}
2025-09-25 01:17:08 | INFO | Message received from author: Charlie
2025-09-25 01:17:08 | INFO | Updated author counts: {'Bob': 20, 'Eve': 24, 'Charlie': 20, 'Diana': 31, 'Alice': 26}
2025-09-25 01:17:08 | INFO | Chart updated successfully for message: {"message": "This is a buzz message.", "author": "Charlie"}
2025-09-25 01:17:08 | INFO | Processed JSON message: {'message': 'Distributed systems are fascinating.', 'author': 'Charlie'}
2025-09-25 01:17:08 | INFO | Message received from author: Charlie
2025-09-25 01:17:08 | INFO | Updated author counts: {'Bob': 20, 'Eve': 24, 'Charlie': 21, 'Diana': 31, 'Alice': 26}
2025-09-25 01:17:08 | INFO | Chart updated successfully for message: {"message": "Distributed systems are fascinating.", "author": "Charlie"}
2025-09-25 01:17:08 | INFO | Processed JSON message: {'message': 'Buzz messages for everyone.', 'author': 'Bob'}
2025-09-25 01:17:08 | INFO | Message received from author: Bob
2025-09-25 01:17:08 | INFO | Updated author counts: {'Bob': 21, 'Eve': 24, 'Charlie': 21, 'Diana': 31, 'Alice': 26}
2025-09-25 01:17:08 | INFO | Chart updated successfully for message: {"message": "Buzz messages for everyone.", "author": "Bob"}
2025-09-25 01:17:08 | INFO | Processed JSON message: {'message': 'This is a buzz message.', 'author': 'Eve'}
2025-09-25 01:17:08 | INFO | Message received from author: Eve
2025-09-25 01:17:08 | INFO | Updated author counts: {'Bob': 21, 'Eve': 25, 'Charlie': 21, 'Diana': 31, 'Alice': 26}
2025-09-25 01:17:09 | INFO | Chart updated successfully for message: {"message": "This is a buzz message.", "author": "Eve"}
2025-09-25 01:17:09 | INFO | Processed JSON message: {'message': 'Data engineering is my passion.', 'author': 'Diana'}
2025-09-25 01:17:09 | INFO | Message received from author: Diana
2025-09-25 01:17:09 | INFO | Updated author counts: {'Bob': 21, 'Eve': 25, 'Charlie': 21, 'Diana': 32, 'Alice': 26}
2025-09-25 01:17:09 | INFO | Chart updated successfully for message: {"message": "Data engineering is my passion.", "author": "Diana"}
2025-09-25 01:17:09 | INFO | Processed JSON message: {'message': 'Data engineering is my passion.', 'author': 'Alice'}
2025-09-25 01:17:09 | INFO | Message received from author: Alice
2025-09-25 01:17:09 | INFO | Updated author counts: {'Bob': 21, 'Eve': 25, 'Charlie': 21, 'Diana': 32, 'Alice': 27}
2025-09-25 01:17:09 | INFO | Chart updated successfully for message: {"message": "Data engineering is my passion.", "author": "Alice"}
2025-09-25 01:17:09 | INFO | Processed JSON message: {'message': 'Buzz messages for everyone.', 'author': 'Diana'}
2025-09-25 01:17:09 | INFO | Message received from author: Diana
2025-09-25 01:17:09 | INFO | Updated author counts: {'Bob': 21, 'Eve': 25, 'Charlie': 21, 'Diana': 33, 'Alice': 27}
2025-09-25 01:17:09 | INFO | Chart updated successfully for message: {"message": "Buzz messages for everyone.", "author": "Diana"}
2025-09-25 01:17:09 | INFO | Processed JSON message: {'message': 'JSON makes life easier.', 'author': 'Alice'}
2025-09-25 01:17:09 | INFO | Message received from author: Alice
2025-09-25 01:17:09 | INFO | Updated author counts: {'Bob': 21, 'Eve': 25, 'Charlie': 21, 'Diana': 33, 'Alice': 28}
2025-09-25 01:17:09 | INFO | Chart updated successfully for message: {"message": "JSON makes life easier.", "author": "Alice"}
2025-09-25 01:17:09 | INFO | Processed JSON message: {'message': 'Data engineering is my passion.', 'author': 'Eve'}
2025-09-25 01:17:09 | INFO | Message received from author: Eve
2025-09-25 01:17:09 | INFO | Updated author counts: {'Bob': 21, 'Eve': 26, 'Charlie': 21, 'Diana': 33, 'Alice': 28}
2025-09-25 01:17:09 | INFO | Chart updated successfully for message: {"message": "Data engineering is my passion.", "author": "Eve"}
2025-09-25 01:17:09 | INFO | Processed JSON message: {'message': 'Distributed systems are fascinating.', 'author': 'Alice'}
2025-09-25 01:17:09 | INFO | Message received from author: Alice
2025-09-25 01:17:09 | INFO | Updated author counts: {'Bob': 21, 'Eve': 26, 'Charlie': 21, 'Diana': 33, 'Alice': 29}
2025-09-25 01:17:09 | INFO | Chart updated successfully for message: {"message": "Distributed systems are fascinating.", "author": "Alice"}
2025-09-25 01:17:09 | INFO | Processed JSON message: {'message': 'Have a great day!', 'author': 'Charlie'}
2025-09-25 01:17:09 | INFO | Message received from author: Charlie
2025-09-25 01:17:09 | INFO | Updated author counts: {'Bob': 21, 'Eve': 26, 'Charlie': 22, 'Diana': 33, 'Alice': 29}
2025-09-25 01:17:10 | INFO | Chart updated successfully for message: {"message": "Have a great day!", "author": "Charlie"}
2025-09-25 01:17:10 | INFO | Processed JSON message: {'message': 'Data engineering is my passion.', 'author': 'Alice'}
2025-09-25 01:17:10 | INFO | Message received from author: Alice
2025-09-25 01:17:10 | INFO | Updated author counts: {'Bob': 21, 'Eve': 26, 'Charlie': 22, 'Diana': 33, 'Alice': 30}
2025-09-25 01:17:10 | INFO | Chart updated successfully for message: {"message": "Data engineering is my passion.", "author": "Alice"}
2025-09-25 01:17:10 | INFO | Processed JSON message: {'message': 'Distributed systems are fascinating.', 'author': 'Diana'}
2025-09-25 01:17:10 | INFO | Message received from author: Diana
2025-09-25 01:17:10 | INFO | Updated author counts: {'Bob': 21, 'Eve': 26, 'Charlie': 22, 'Diana': 34, 'Alice': 30}
2025-09-25 01:17:10 | INFO | Chart updated successfully for message: {"message": "Distributed systems are fascinating.", "author": "Diana"}
2025-09-25 01:17:10 | INFO | Processed JSON message: {'message': 'Buzz messages for everyone.', 'author': 'Alice'}
2025-09-25 01:17:10 | INFO | Message received from author: Alice
2025-09-25 01:17:10 | INFO | Updated author counts: {'Bob': 21, 'Eve': 26, 'Charlie': 22, 'Diana': 34, 'Alice': 31}
2025-09-25 01:17:10 | INFO | Chart updated successfully for message: {"message": "Buzz messages for everyone.", "author": "Alice"}
2025-09-25 01:17:10 | INFO | Processed JSON message: {'message': 'Hello, Kafka world!', 'author': 'Diana'}
2025-09-25 01:17:10 | INFO | Message received from author: Diana
2025-09-25 01:17:10 | INFO | Updated author counts: {'Bob': 21, 'Eve': 26, 'Charlie': 22, 'Diana': 35, 'Alice': 31}
2025-09-25 01:17:11 | INFO | Chart updated successfully for message: {"message": "Hello, Kafka world!", "author": "Diana"}
2025-09-25 01:17:11 | INFO | Processed JSON message: {'message': 'This is a buzz message.', 'author': 'Eve'}
2025-09-25 01:17:11 | INFO | Message received from author: Eve
2025-09-25 01:17:11 | INFO | Updated author counts: {'Bob': 21, 'Eve': 27, 'Charlie': 22, 'Diana': 35, 'Alice': 31}
2025-09-25 01:17:11 | INFO | Chart updated successfully for message: {"message": "This is a buzz message.", "author": "Eve"}
2025-09-25 01:17:11 | INFO | Processed JSON message: {'message': 'JSON makes life easier.', 'author': 'Eve'}
2025-09-25 01:17:11 | INFO | Message received from author: Eve
2025-09-25 01:17:11 | INFO | Updated author counts: {'Bob': 21, 'Eve': 28, 'Charlie': 22, 'Diana': 35, 'Alice': 31}
2025-09-25 01:17:11 | INFO | Chart updated successfully for message: {"message": "JSON makes life easier.", "author": "Eve"}
2025-09-25 01:17:11 | INFO | Processed JSON message: {'message': 'JSON makes life easier.', 'author': 'Alice'}
2025-09-25 01:17:11 | INFO | Message received from author: Alice
2025-09-25 01:17:11 | INFO | Updated author counts: {'Bob': 21, 'Eve': 28, 'Charlie': 22, 'Diana': 35, 'Alice': 32}
2025-09-25 01:17:11 | INFO | Chart updated successfully for message: {"message": "JSON makes life easier.", "author": "Alice"}
2025-09-25 01:17:11 | INFO | Processed JSON message: {'message': 'Data engineering is my passion.', 'author': 'Diana'}
2025-09-25 01:17:11 | INFO | Message received from author: Diana
2025-09-25 01:17:11 | INFO | Updated author counts: {'Bob': 21, 'Eve': 28, 'Charlie': 22, 'Diana': 36, 'Alice': 32}
2025-09-25 01:17:11 | INFO | Chart updated successfully for message: {"message": "Data engineering is my passion.", "author": "Diana"}
2025-09-25 01:17:11 | INFO | Processed JSON message: {'message': 'JSON makes life easier.', 'author': 'Diana'}
2025-09-25 01:17:11 | INFO | Message received from author: Diana
2025-09-25 01:17:11 | INFO | Updated author counts: {'Bob': 21, 'Eve': 28, 'Charlie': 22, 'Diana': 37, 'Alice': 32}
2025-09-25 01:17:11 | INFO | Chart updated successfully for message: {"message": "JSON makes life easier.", "author": "Diana"}
2025-09-25 01:17:11 | INFO | Processed JSON message: {'message': 'Kafka is awesome.', 'author': 'Charlie'}
2025-09-25 01:17:11 | INFO | Message received from author: Charlie
2025-09-25 01:17:11 | INFO | Updated author counts: {'Bob': 21, 'Eve': 28, 'Charlie': 23, 'Diana': 37, 'Alice': 32}
2025-09-25 01:17:11 | INFO | Chart updated successfully for message: {"message": "Kafka is awesome.", "author": "Charlie"}
2025-09-25 01:17:11 | INFO | Processed JSON message: {'message': 'JSON makes life easier.', 'author': 'Bob'}
2025-09-25 01:17:11 | INFO | Message received from author: Bob
2025-09-25 01:17:11 | INFO | Updated author counts: {'Bob': 22, 'Eve': 28, 'Charlie': 23, 'Diana': 37, 'Alice': 32}
2025-09-25 01:17:12 | INFO | Chart updated successfully for message: {"message": "JSON makes life easier.", "author": "Bob"}
2025-09-25 01:17:12 | INFO | Processed JSON message: {'message': 'I love Python!', 'author': 'Bob'}
2025-09-25 01:17:12 | INFO | Message received from author: Bob
2025-09-25 01:17:12 | INFO | Updated author counts: {'Bob': 23, 'Eve': 28, 'Charlie': 23, 'Diana': 37, 'Alice': 32}
2025-09-25 01:17:12 | INFO | Chart updated successfully for message: {"message": "I love Python!", "author": "Bob"}
2025-09-25 01:17:12 | INFO | Processed JSON message: {'message': 'This is a buzz message.', 'author': 'Eve'}
2025-09-25 01:17:12 | INFO | Message received from author: Eve
